Info: Starting: Create block symbol file (.bsf)
Info: qsys-generate D:\InformationProcessing\InfoProc-Lab\lab3\nios_accelerometer.qsys --block-symbol-file --output-directory=D:\InformationProcessing\InfoProc-Lab\lab3\nios_accelerometer --family="MAX 10" --part=10M50DAF484C7G
Progress: Loading lab3/nios_accelerometer.qsys
Progress: Reading input file
Progress: Adding accelerometer_spi [altera_up_avalon_accelerometer_spi 18.0]
Progress: Parameterizing module accelerometer_spi
Progress: Adding clk [clock_source 18.1]
Progress: Parameterizing module clk
Progress: Adding cpu [altera_nios2_gen2 18.1]
Progress: Parameterizing module cpu
Progress: Adding jtag_uart [altera_avalon_jtag_uart 18.1]
Progress: Parameterizing module jtag_uart
Progress: Adding led [altera_avalon_pio 18.1]
Progress: Parameterizing module led
Progress: Adding onchip_memory [altera_avalon_onchip_memory2 18.1]
Progress: Parameterizing module onchip_memory
Progress: Adding timer [altera_avalon_timer 18.1]
Progress: Parameterizing module timer
Progress: Building connections
Progress: Parameterizing connections
Progress: Validating
Progress: Done reading input file
Info: nios_accelerometer.jtag_uart: JTAG UART IP input clock need to be at least double (2x) the operating frequency of JTAG TCK on board
Info: qsys-generate succeeded.
Info: Stopping: Create block symbol file (.bsf)
